  [4;36;1mSQL (0.3ms)[0m   [0;1m SELECT name
 FROM sqlite_master
 WHERE type = 'table' AND NOT name = 'sqlite_sequence'
[0m
  [4;35;1mSQL (11.5ms)[0m   [0mselect sqlite_version(*)[0m
  [4;36;1mSQL (5.2ms)[0m   [0;1mCREATE TABLE "schema_migrations" ("version" varchar(255) NOT NULL) [0m
  [4;35;1mSQL (1.6ms)[0m   [0mCREATE UNIQUE INDEX "unique_schema_migrations" ON "schema_migrations" ("version")[0m
  [4;36;1mSQL (0.2ms)[0m   [0;1m SELECT name
 FROM sqlite_master
 WHERE type = 'table' AND NOT name = 'sqlite_sequence'
[0m
  [4;35;1mSQL (0.1ms)[0m   [0mSELECT version FROM schema_migrations[0m
  [4;36;1mSQL (0.5ms)[0m   [0;1m SELECT name
 FROM sqlite_master
 WHERE type = 'table' AND NOT name = 'sqlite_sequence'
[0m
  [4;35;1mSQL (0.3ms)[0m   [0mSELECT version FROM schema_migrations[0m
Migrating to CreateUsers (20091128174002)
  [4;36;1mSQL (0.2ms)[0m   [0;1mselect sqlite_version(*)[0m
  [4;35;1mSQL (0.8ms)[0m   [0mCREATE TABLE "users" ("id" INTEGER PRIMARY KEY AUTOINCREMENT NOT NULL, "name" varchar(255), "login" varchar(255), "pass" varchar(255), "created_at" datetime, "updated_at" datetime) [0m
  [4;36;1mSQL (0.1ms)[0m   [0;1mINSERT INTO schema_migrations (version) VALUES ('20091128174002')[0m
Migrating to CreateTasks (20091128175309)
  [4;35;1mSQL (0.5ms)[0m   [0mCREATE TABLE "tasks" ("id" INTEGER PRIMARY KEY AUTOINCREMENT NOT NULL, "description" text, "created_at" datetime, "updated_at" datetime) [0m
  [4;36;1mSQL (0.2ms)[0m   [0;1mINSERT INTO schema_migrations (version) VALUES ('20091128175309')[0m
Migrating to CreateSprintbacklogs (20091128175446)
  [4;35;1mSQL (1.1ms)[0m   [0mCREATE TABLE "sprintbacklogs" ("id" INTEGER PRIMARY KEY AUTOINCREMENT NOT NULL, "task_id" integer, "created_at" datetime, "updated_at" datetime) [0m
  [4;36;1mSQL (0.2ms)[0m   [0;1mINSERT INTO schema_migrations (version) VALUES ('20091128175446')[0m
Migrating to CreateSprints (20091128175633)
  [4;35;1mSQL (0.6ms)[0m   [0mCREATE TABLE "sprints" ("id" INTEGER PRIMARY KEY AUTOINCREMENT NOT NULL, "task_id" integer, "user_id" integer, "created_at" datetime, "updated_at" datetime) [0m
  [4;36;1mSQL (0.1ms)[0m   [0;1mINSERT INTO schema_migrations (version) VALUES ('20091128175633')[0m
  [4;35;1mSQL (0.7ms)[0m   [0m SELECT name
 FROM sqlite_master
 WHERE type = 'table' AND NOT name = 'sqlite_sequence'
[0m
  [4;36;1mSQL (0.4ms)[0m   [0;1mSELECT version FROM schema_migrations[0m
  [4;35;1mSQL (0.5ms)[0m   [0m SELECT name
 FROM sqlite_master
 WHERE type = 'table' AND NOT name = 'sqlite_sequence'
[0m
  [4;36;1mSQL (0.1ms)[0m   [0;1mPRAGMA index_list("sprintbacklogs")[0m
  [4;35;1mSQL (0.1ms)[0m   [0mPRAGMA index_list("sprints")[0m
  [4;36;1mSQL (0.0ms)[0m   [0;1mPRAGMA index_list("tasks")[0m
  [4;35;1mSQL (0.1ms)[0m   [0mPRAGMA index_list("users")[0m
  [4;36;1mSQL (0.7ms)[0m   [0;1m SELECT name
 FROM sqlite_master
 WHERE type = 'table' AND NOT name = 'sqlite_sequence'
[0m
  [4;35;1mSQL (0.3ms)[0m   [0mSELECT version FROM schema_migrations[0m
  [4;36;1mSQL (0.2ms)[0m   [0;1mselect sqlite_version(*)[0m
  [4;35;1mSQL (0.2ms)[0m   [0m SELECT name
 FROM sqlite_master
 WHERE type = 'table' AND NOT name = 'sqlite_sequence'
[0m
  [4;36;1mSQL (2.5ms)[0m   [0;1mCREATE TABLE "sprintbacklogs" ("id" INTEGER PRIMARY KEY AUTOINCREMENT NOT NULL, "task_id" integer, "created_at" datetime, "updated_at" datetime) [0m
  [4;35;1mSQL (0.5ms)[0m   [0m SELECT name
 FROM sqlite_master
 WHERE type = 'table' AND NOT name = 'sqlite_sequence'
[0m
  [4;36;1mSQL (1.9ms)[0m   [0;1mCREATE TABLE "sprints" ("id" INTEGER PRIMARY KEY AUTOINCREMENT NOT NULL, "task_id" integer, "user_id" integer, "created_at" datetime, "updated_at" datetime) [0m
  [4;35;1mSQL (0.3ms)[0m   [0m SELECT name
 FROM sqlite_master
 WHERE type = 'table' AND NOT name = 'sqlite_sequence'
[0m
  [4;36;1mSQL (1.7ms)[0m   [0;1mCREATE TABLE "tasks" ("id" INTEGER PRIMARY KEY AUTOINCREMENT NOT NULL, "description" text, "created_at" datetime, "updated_at" datetime) [0m
  [4;35;1mSQL (0.3ms)[0m   [0m SELECT name
 FROM sqlite_master
 WHERE type = 'table' AND NOT name = 'sqlite_sequence'
[0m
  [4;36;1mSQL (2.2ms)[0m   [0;1mCREATE TABLE "users" ("id" INTEGER PRIMARY KEY AUTOINCREMENT NOT NULL, "name" varchar(255), "login" varchar(255), "pass" varchar(255), "created_at" datetime, "updated_at" datetime) [0m
  [4;35;1mSQL (0.6ms)[0m   [0m SELECT name
 FROM sqlite_master
 WHERE type = 'table' AND NOT name = 'sqlite_sequence'
[0m
  [4;36;1mSQL (2.2ms)[0m   [0;1mCREATE TABLE "schema_migrations" ("version" varchar(255) NOT NULL) [0m
  [4;35;1mSQL (2.6ms)[0m   [0mCREATE UNIQUE INDEX "unique_schema_migrations" ON "schema_migrations" ("version")[0m
  [4;36;1mSQL (0.8ms)[0m   [0;1m SELECT name
 FROM sqlite_master
 WHERE type = 'table' AND NOT name = 'sqlite_sequence'
[0m
  [4;35;1mSQL (0.2ms)[0m   [0mSELECT version FROM "schema_migrations"[0m
  [4;36;1mSQL (2.1ms)[0m   [0;1mINSERT INTO "schema_migrations" (version) VALUES ('20091128175633')[0m
  [4;35;1mSQL (2.1ms)[0m   [0mINSERT INTO "schema_migrations" (version) VALUES ('20091128174002')[0m
  [4;36;1mSQL (2.4ms)[0m   [0;1mINSERT INTO "schema_migrations" (version) VALUES ('20091128175309')[0m
  [4;35;1mSQL (2.2ms)[0m   [0mINSERT INTO "schema_migrations" (version) VALUES ('20091128175446')[0m
  [4;36;1mSQL (0.8ms)[0m   [0;1m SELECT name
 FROM sqlite_master
 WHERE type = 'table' AND NOT name = 'sqlite_sequence'
[0m
  [4;35;1mSQL (0.3ms)[0m   [0mSELECT version FROM schema_migrations[0m
  [4;36;1mSQL (0.2ms)[0m   [0;1mselect sqlite_version(*)[0m
  [4;35;1mSQL (0.2ms)[0m   [0m SELECT name
 FROM sqlite_master
 WHERE type = 'table' AND NOT name = 'sqlite_sequence'
[0m
  [4;36;1mSQL (2.6ms)[0m   [0;1mCREATE TABLE "sprintbacklogs" ("id" INTEGER PRIMARY KEY AUTOINCREMENT NOT NULL, "task_id" integer, "created_at" datetime, "updated_at" datetime) [0m
  [4;35;1mSQL (0.2ms)[0m   [0m SELECT name
 FROM sqlite_master
 WHERE type = 'table' AND NOT name = 'sqlite_sequence'
[0m
  [4;36;1mSQL (6.0ms)[0m   [0;1mCREATE TABLE "sprints" ("id" INTEGER PRIMARY KEY AUTOINCREMENT NOT NULL, "task_id" integer, "user_id" integer, "created_at" datetime, "updated_at" datetime) [0m
  [4;35;1mSQL (0.3ms)[0m   [0m SELECT name
 FROM sqlite_master
 WHERE type = 'table' AND NOT name = 'sqlite_sequence'
[0m
  [4;36;1mSQL (12.1ms)[0m   [0;1mCREATE TABLE "tasks" ("id" INTEGER PRIMARY KEY AUTOINCREMENT NOT NULL, "description" text, "created_at" datetime, "updated_at" datetime) [0m
  [4;35;1mSQL (0.3ms)[0m   [0m SELECT name
 FROM sqlite_master
 WHERE type = 'table' AND NOT name = 'sqlite_sequence'
[0m
  [4;36;1mSQL (2.5ms)[0m   [0;1mCREATE TABLE "users" ("id" INTEGER PRIMARY KEY AUTOINCREMENT NOT NULL, "name" varchar(255), "login" varchar(255), "pass" varchar(255), "created_at" datetime, "updated_at" datetime) [0m
  [4;35;1mSQL (0.3ms)[0m   [0m SELECT name
 FROM sqlite_master
 WHERE type = 'table' AND NOT name = 'sqlite_sequence'
[0m
  [4;36;1mSQL (5.5ms)[0m   [0;1mCREATE TABLE "schema_migrations" ("version" varchar(255) NOT NULL) [0m
  [4;35;1mSQL (4.3ms)[0m   [0mCREATE UNIQUE INDEX "unique_schema_migrations" ON "schema_migrations" ("version")[0m
  [4;36;1mSQL (0.4ms)[0m   [0;1m SELECT name
 FROM sqlite_master
 WHERE type = 'table' AND NOT name = 'sqlite_sequence'
[0m
  [4;35;1mSQL (0.1ms)[0m   [0mSELECT version FROM "schema_migrations"[0m
  [4;36;1mSQL (4.7ms)[0m   [0;1mINSERT INTO "schema_migrations" (version) VALUES ('20091128175633')[0m
  [4;35;1mSQL (9.9ms)[0m   [0mINSERT INTO "schema_migrations" (version) VALUES ('20091128174002')[0m
  [4;36;1mSQL (11.3ms)[0m   [0;1mINSERT INTO "schema_migrations" (version) VALUES ('20091128175309')[0m
  [4;35;1mSQL (3.5ms)[0m   [0mINSERT INTO "schema_migrations" (version) VALUES ('20091128175446')[0m
  [4;36;1mSQL (0.8ms)[0m   [0;1m SELECT name
 FROM sqlite_master
 WHERE type = 'table' AND NOT name = 'sqlite_sequence'
[0m
  [4;35;1mSQL (0.6ms)[0m   [0mSELECT version FROM schema_migrations[0m
  [4;36;1mSQL (0.2ms)[0m   [0;1mselect sqlite_version(*)[0m
  [4;35;1mSQL (3.3ms)[0m   [0m SELECT name
 FROM sqlite_master
 WHERE type = 'table' AND NOT name = 'sqlite_sequence'
[0m
  [4;36;1mSQL (2.3ms)[0m   [0;1mCREATE TABLE "sprintbacklogs" ("id" INTEGER PRIMARY KEY AUTOINCREMENT NOT NULL, "task_id" integer, "created_at" datetime, "updated_at" datetime) [0m
  [4;35;1mSQL (0.3ms)[0m   [0m SELECT name
 FROM sqlite_master
 WHERE type = 'table' AND NOT name = 'sqlite_sequence'
[0m
  [4;36;1mSQL (1.9ms)[0m   [0;1mCREATE TABLE "sprints" ("id" INTEGER PRIMARY KEY AUTOINCREMENT NOT NULL, "task_id" integer, "user_id" integer, "created_at" datetime, "updated_at" datetime) [0m
  [4;35;1mSQL (0.6ms)[0m   [0m SELECT name
 FROM sqlite_master
 WHERE type = 'table' AND NOT name = 'sqlite_sequence'
[0m
  [4;36;1mSQL (2.8ms)[0m   [0;1mCREATE TABLE "tasks" ("id" INTEGER PRIMARY KEY AUTOINCREMENT NOT NULL, "description" text, "created_at" datetime, "updated_at" datetime) [0m
  [4;35;1mSQL (0.4ms)[0m   [0m SELECT name
 FROM sqlite_master
 WHERE type = 'table' AND NOT name = 'sqlite_sequence'
[0m
  [4;36;1mSQL (2.1ms)[0m   [0;1mCREATE TABLE "users" ("id" INTEGER PRIMARY KEY AUTOINCREMENT NOT NULL, "name" varchar(255), "login" varchar(255), "pass" varchar(255), "created_at" datetime, "updated_at" datetime) [0m
  [4;35;1mSQL (0.8ms)[0m   [0m SELECT name
 FROM sqlite_master
 WHERE type = 'table' AND NOT name = 'sqlite_sequence'
[0m
  [4;36;1mSQL (2.0ms)[0m   [0;1mCREATE TABLE "schema_migrations" ("version" varchar(255) NOT NULL) [0m
  [4;35;1mSQL (2.4ms)[0m   [0mCREATE UNIQUE INDEX "unique_schema_migrations" ON "schema_migrations" ("version")[0m
  [4;36;1mSQL (0.5ms)[0m   [0;1m SELECT name
 FROM sqlite_master
 WHERE type = 'table' AND NOT name = 'sqlite_sequence'
[0m
  [4;35;1mSQL (0.1ms)[0m   [0mSELECT version FROM "schema_migrations"[0m
  [4;36;1mSQL (2.6ms)[0m   [0;1mINSERT INTO "schema_migrations" (version) VALUES ('20091128175633')[0m
  [4;35;1mSQL (2.8ms)[0m   [0mINSERT INTO "schema_migrations" (version) VALUES ('20091128174002')[0m
  [4;36;1mSQL (2.5ms)[0m   [0;1mINSERT INTO "schema_migrations" (version) VALUES ('20091128175309')[0m
  [4;35;1mSQL (2.8ms)[0m   [0mINSERT INTO "schema_migrations" (version) VALUES ('20091128175446')[0m
  [4;36;1mSQL (0.8ms)[0m   [0;1m SELECT name
 FROM sqlite_master
 WHERE type = 'table' AND NOT name = 'sqlite_sequence'
[0m
  [4;35;1mSQL (0.3ms)[0m   [0mSELECT version FROM schema_migrations[0m
  [4;36;1mSQL (0.2ms)[0m   [0;1mselect sqlite_version(*)[0m
  [4;35;1mSQL (0.2ms)[0m   [0m SELECT name
 FROM sqlite_master
 WHERE type = 'table' AND NOT name = 'sqlite_sequence'
[0m
  [4;36;1mSQL (1.5ms)[0m   [0;1mCREATE TABLE "sprintbacklogs" ("id" INTEGER PRIMARY KEY AUTOINCREMENT NOT NULL, "task_id" integer, "created_at" datetime, "updated_at" datetime) [0m
  [4;35;1mSQL (0.2ms)[0m   [0m SELECT name
 FROM sqlite_master
 WHERE type = 'table' AND NOT name = 'sqlite_sequence'
[0m
  [4;36;1mSQL (1.6ms)[0m   [0;1mCREATE TABLE "sprints" ("id" INTEGER PRIMARY KEY AUTOINCREMENT NOT NULL, "task_id" integer, "user_id" integer, "created_at" datetime, "updated_at" datetime) [0m
  [4;35;1mSQL (0.3ms)[0m   [0m SELECT name
 FROM sqlite_master
 WHERE type = 'table' AND NOT name = 'sqlite_sequence'
[0m
  [4;36;1mSQL (1.8ms)[0m   [0;1mCREATE TABLE "tasks" ("id" INTEGER PRIMARY KEY AUTOINCREMENT NOT NULL, "description" text, "created_at" datetime, "updated_at" datetime) [0m
  [4;35;1mSQL (9.8ms)[0m   [0m SELECT name
 FROM sqlite_master
 WHERE type = 'table' AND NOT name = 'sqlite_sequence'
[0m
  [4;36;1mSQL (11.1ms)[0m   [0;1mCREATE TABLE "users" ("id" INTEGER PRIMARY KEY AUTOINCREMENT NOT NULL, "name" varchar(255), "login" varchar(255), "pass" varchar(255), "created_at" datetime, "updated_at" datetime) [0m
  [4;35;1mSQL (0.4ms)[0m   [0m SELECT name
 FROM sqlite_master
 WHERE type = 'table' AND NOT name = 'sqlite_sequence'
[0m
  [4;36;1mSQL (9.2ms)[0m   [0;1mCREATE TABLE "schema_migrations" ("version" varchar(255) NOT NULL) [0m
  [4;35;1mSQL (10.6ms)[0m   [0mCREATE UNIQUE INDEX "unique_schema_migrations" ON "schema_migrations" ("version")[0m
  [4;36;1mSQL (0.5ms)[0m   [0;1m SELECT name
 FROM sqlite_master
 WHERE type = 'table' AND NOT name = 'sqlite_sequence'
[0m
  [4;35;1mSQL (0.1ms)[0m   [0mSELECT version FROM "schema_migrations"[0m
  [4;36;1mSQL (22.7ms)[0m   [0;1mINSERT INTO "schema_migrations" (version) VALUES ('20091128175633')[0m
  [4;35;1mSQL (10.2ms)[0m   [0mINSERT INTO "schema_migrations" (version) VALUES ('20091128174002')[0m
  [4;36;1mSQL (10.1ms)[0m   [0;1mINSERT INTO "schema_migrations" (version) VALUES ('20091128175309')[0m
  [4;35;1mSQL (11.9ms)[0m   [0mINSERT INTO "schema_migrations" (version) VALUES ('20091128175446')[0m
  [4;36;1mSQL (0.8ms)[0m   [0;1m SELECT name
 FROM sqlite_master
 WHERE type = 'table' AND NOT name = 'sqlite_sequence'
[0m
  [4;35;1mSQL (0.3ms)[0m   [0mSELECT version FROM schema_migrations[0m
  [4;36;1mSQL (0.2ms)[0m   [0;1mselect sqlite_version(*)[0m
  [4;35;1mSQL (0.2ms)[0m   [0m SELECT name
 FROM sqlite_master
 WHERE type = 'table' AND NOT name = 'sqlite_sequence'
[0m
  [4;36;1mSQL (3.9ms)[0m   [0;1mCREATE TABLE "sprintbacklogs" ("id" INTEGER PRIMARY KEY AUTOINCREMENT NOT NULL, "task_id" integer, "created_at" datetime, "updated_at" datetime) [0m
  [4;35;1mSQL (0.3ms)[0m   [0m SELECT name
 FROM sqlite_master
 WHERE type = 'table' AND NOT name = 'sqlite_sequence'
[0m
  [4;36;1mSQL (1.8ms)[0m   [0;1mCREATE TABLE "sprints" ("id" INTEGER PRIMARY KEY AUTOINCREMENT NOT NULL, "task_id" integer, "user_id" integer, "created_at" datetime, "updated_at" datetime) [0m
  [4;35;1mSQL (0.6ms)[0m   [0m SELECT name
 FROM sqlite_master
 WHERE type = 'table' AND NOT name = 'sqlite_sequence'
[0m
  [4;36;1mSQL (2.1ms)[0m   [0;1mCREATE TABLE "tasks" ("id" INTEGER PRIMARY KEY AUTOINCREMENT NOT NULL, "description" text, "created_at" datetime, "updated_at" datetime) [0m
  [4;35;1mSQL (0.4ms)[0m   [0m SELECT name
 FROM sqlite_master
 WHERE type = 'table' AND NOT name = 'sqlite_sequence'
[0m
  [4;36;1mSQL (1.9ms)[0m   [0;1mCREATE TABLE "users" ("id" INTEGER PRIMARY KEY AUTOINCREMENT NOT NULL, "name" varchar(255), "login" varchar(255), "pass" varchar(255), "created_at" datetime, "updated_at" datetime) [0m
  [4;35;1mSQL (0.5ms)[0m   [0m SELECT name
 FROM sqlite_master
 WHERE type = 'table' AND NOT name = 'sqlite_sequence'
[0m
  [4;36;1mSQL (2.8ms)[0m   [0;1mCREATE TABLE "schema_migrations" ("version" varchar(255) NOT NULL) [0m
  [4;35;1mSQL (3.2ms)[0m   [0mCREATE UNIQUE INDEX "unique_schema_migrations" ON "schema_migrations" ("version")[0m
  [4;36;1mSQL (0.5ms)[0m   [0;1m SELECT name
 FROM sqlite_master
 WHERE type = 'table' AND NOT name = 'sqlite_sequence'
[0m
  [4;35;1mSQL (0.1ms)[0m   [0mSELECT version FROM "schema_migrations"[0m
  [4;36;1mSQL (3.0ms)[0m   [0;1mINSERT INTO "schema_migrations" (version) VALUES ('20091128175633')[0m
  [4;35;1mSQL (2.9ms)[0m   [0mINSERT INTO "schema_migrations" (version) VALUES ('20091128174002')[0m
  [4;36;1mSQL (2.8ms)[0m   [0;1mINSERT INTO "schema_migrations" (version) VALUES ('20091128175309')[0m
  [4;35;1mSQL (3.0ms)[0m   [0mINSERT INTO "schema_migrations" (version) VALUES ('20091128175446')[0m
  [4;36;1mSQL (0.7ms)[0m   [0;1m SELECT name
 FROM sqlite_master
 WHERE type = 'table' AND NOT name = 'sqlite_sequence'
[0m
  [4;35;1mSQL (0.7ms)[0m   [0mSELECT version FROM schema_migrations[0m
  [4;36;1mSQL (0.4ms)[0m   [0;1mselect sqlite_version(*)[0m
  [4;35;1mSQL (0.3ms)[0m   [0m SELECT name
 FROM sqlite_master
 WHERE type = 'table' AND NOT name = 'sqlite_sequence'
[0m
  [4;36;1mSQL (2.2ms)[0m   [0;1mCREATE TABLE "sprintbacklogs" ("id" INTEGER PRIMARY KEY AUTOINCREMENT NOT NULL, "task_id" integer, "created_at" datetime, "updated_at" datetime) [0m
  [4;35;1mSQL (0.3ms)[0m   [0m SELECT name
 FROM sqlite_master
 WHERE type = 'table' AND NOT name = 'sqlite_sequence'
[0m
  [4;36;1mSQL (2.1ms)[0m   [0;1mCREATE TABLE "sprints" ("id" INTEGER PRIMARY KEY AUTOINCREMENT NOT NULL, "task_id" integer, "user_id" integer, "created_at" datetime, "updated_at" datetime) [0m
  [4;35;1mSQL (0.6ms)[0m   [0m SELECT name
 FROM sqlite_master
 WHERE type = 'table' AND NOT name = 'sqlite_sequence'
[0m
  [4;36;1mSQL (2.5ms)[0m   [0;1mCREATE TABLE "tasks" ("id" INTEGER PRIMARY KEY AUTOINCREMENT NOT NULL, "description" text, "created_at" datetime, "updated_at" datetime) [0m
  [4;35;1mSQL (0.4ms)[0m   [0m SELECT name
 FROM sqlite_master
 WHERE type = 'table' AND NOT name = 'sqlite_sequence'
[0m
  [4;36;1mSQL (2.0ms)[0m   [0;1mCREATE TABLE "users" ("id" INTEGER PRIMARY KEY AUTOINCREMENT NOT NULL, "name" varchar(255), "login" varchar(255), "pass" varchar(255), "created_at" datetime, "updated_at" datetime) [0m
  [4;35;1mSQL (0.7ms)[0m   [0m SELECT name
 FROM sqlite_master
 WHERE type = 'table' AND NOT name = 'sqlite_sequence'
[0m
  [4;36;1mSQL (2.4ms)[0m   [0;1mCREATE TABLE "schema_migrations" ("version" varchar(255) NOT NULL) [0m
  [4;35;1mSQL (2.6ms)[0m   [0mCREATE UNIQUE INDEX "unique_schema_migrations" ON "schema_migrations" ("version")[0m
  [4;36;1mSQL (0.5ms)[0m   [0;1m SELECT name
 FROM sqlite_master
 WHERE type = 'table' AND NOT name = 'sqlite_sequence'
[0m
  [4;35;1mSQL (0.1ms)[0m   [0mSELECT version FROM "schema_migrations"[0m
  [4;36;1mSQL (1.7ms)[0m   [0;1mINSERT INTO "schema_migrations" (version) VALUES ('20091128175633')[0m
  [4;35;1mSQL (1.4ms)[0m   [0mINSERT INTO "schema_migrations" (version) VALUES ('20091128174002')[0m
  [4;36;1mSQL (1.4ms)[0m   [0;1mINSERT INTO "schema_migrations" (version) VALUES ('20091128175309')[0m
  [4;35;1mSQL (1.3ms)[0m   [0mINSERT INTO "schema_migrations" (version) VALUES ('20091128175446')[0m
  [4;36;1mSQL (0.7ms)[0m   [0;1m SELECT name
 FROM sqlite_master
 WHERE type = 'table' AND NOT name = 'sqlite_sequence'
[0m
  [4;35;1mSQL (0.3ms)[0m   [0mSELECT version FROM schema_migrations[0m
  [4;36;1mSQL (0.2ms)[0m   [0;1mselect sqlite_version(*)[0m
  [4;35;1mSQL (0.2ms)[0m   [0m SELECT name
 FROM sqlite_master
 WHERE type = 'table' AND NOT name = 'sqlite_sequence'
[0m
  [4;36;1mSQL (2.6ms)[0m   [0;1mCREATE TABLE "sprintbacklogs" ("id" INTEGER PRIMARY KEY AUTOINCREMENT NOT NULL, "task_id" integer, "created_at" datetime, "updated_at" datetime) [0m
  [4;35;1mSQL (0.3ms)[0m   [0m SELECT name
 FROM sqlite_master
 WHERE type = 'table' AND NOT name = 'sqlite_sequence'
[0m
  [4;36;1mSQL (2.4ms)[0m   [0;1mCREATE TABLE "sprints" ("id" INTEGER PRIMARY KEY AUTOINCREMENT NOT NULL, "task_id" integer, "user_id" integer, "created_at" datetime, "updated_at" datetime) [0m
  [4;35;1mSQL (0.6ms)[0m   [0m SELECT name
 FROM sqlite_master
 WHERE type = 'table' AND NOT name = 'sqlite_sequence'
[0m
  [4;36;1mSQL (2.8ms)[0m   [0;1mCREATE TABLE "tasks" ("id" INTEGER PRIMARY KEY AUTOINCREMENT NOT NULL, "description" text, "created_at" datetime, "updated_at" datetime) [0m
  [4;35;1mSQL (0.5ms)[0m   [0m SELECT name
 FROM sqlite_master
 WHERE type = 'table' AND NOT name = 'sqlite_sequence'
[0m
  [4;36;1mSQL (2.5ms)[0m   [0;1mCREATE TABLE "users" ("id" INTEGER PRIMARY KEY AUTOINCREMENT NOT NULL, "name" varchar(255), "login" varchar(255), "pass" varchar(255), "created_at" datetime, "updated_at" datetime) [0m
  [4;35;1mSQL (0.7ms)[0m   [0m SELECT name
 FROM sqlite_master
 WHERE type = 'table' AND NOT name = 'sqlite_sequence'
[0m
  [4;36;1mSQL (2.0ms)[0m   [0;1mCREATE TABLE "schema_migrations" ("version" varchar(255) NOT NULL) [0m
  [4;35;1mSQL (2.4ms)[0m   [0mCREATE UNIQUE INDEX "unique_schema_migrations" ON "schema_migrations" ("version")[0m
  [4;36;1mSQL (0.4ms)[0m   [0;1m SELECT name
 FROM sqlite_master
 WHERE type = 'table' AND NOT name = 'sqlite_sequence'
[0m
  [4;35;1mSQL (0.1ms)[0m   [0mSELECT version FROM "schema_migrations"[0m
  [4;36;1mSQL (2.2ms)[0m   [0;1mINSERT INTO "schema_migrations" (version) VALUES ('20091128175633')[0m
  [4;35;1mSQL (2.1ms)[0m   [0mINSERT INTO "schema_migrations" (version) VALUES ('20091128174002')[0m
  [4;36;1mSQL (2.2ms)[0m   [0;1mINSERT INTO "schema_migrations" (version) VALUES ('20091128175309')[0m
  [4;35;1mSQL (2.3ms)[0m   [0mINSERT INTO "schema_migrations" (version) VALUES ('20091128175446')[0m
  [4;36;1mSQL (1.7ms)[0m   [0;1m SELECT name
 FROM sqlite_master
 WHERE type = 'table' AND NOT name = 'sqlite_sequence'
[0m
  [4;35;1mSQL (0.3ms)[0m   [0mSELECT version FROM schema_migrations[0m
  [4;36;1mSQL (0.2ms)[0m   [0;1mselect sqlite_version(*)[0m
  [4;35;1mSQL (0.6ms)[0m   [0m SELECT name
 FROM sqlite_master
 WHERE type = 'table' AND NOT name = 'sqlite_sequence'
[0m
  [4;36;1mSQL (6.0ms)[0m   [0;1mCREATE TABLE "sprintbacklogs" ("id" INTEGER PRIMARY KEY AUTOINCREMENT NOT NULL, "task_id" integer, "created_at" datetime, "updated_at" datetime) [0m
  [4;35;1mSQL (0.3ms)[0m   [0m SELECT name
 FROM sqlite_master
 WHERE type = 'table' AND NOT name = 'sqlite_sequence'
[0m
  [4;36;1mSQL (6.1ms)[0m   [0;1mCREATE TABLE "sprints" ("id" INTEGER PRIMARY KEY AUTOINCREMENT NOT NULL, "task_id" integer, "user_id" integer, "created_at" datetime, "updated_at" datetime) [0m
  [4;35;1mSQL (0.3ms)[0m   [0m SELECT name
 FROM sqlite_master
 WHERE type = 'table' AND NOT name = 'sqlite_sequence'
[0m
  [4;36;1mSQL (7.0ms)[0m   [0;1mCREATE TABLE "tasks" ("id" INTEGER PRIMARY KEY AUTOINCREMENT NOT NULL, "description" text, "created_at" datetime, "updated_at" datetime) [0m
  [4;35;1mSQL (0.3ms)[0m   [0m SELECT name
 FROM sqlite_master
 WHERE type = 'table' AND NOT name = 'sqlite_sequence'
[0m
  [4;36;1mSQL (12.2ms)[0m   [0;1mCREATE TABLE "users" ("id" INTEGER PRIMARY KEY AUTOINCREMENT NOT NULL, "name" varchar(255), "login" varchar(255), "pass" varchar(255), "created_at" datetime, "updated_at" datetime) [0m
  [4;35;1mSQL (0.4ms)[0m   [0m SELECT name
 FROM sqlite_master
 WHERE type = 'table' AND NOT name = 'sqlite_sequence'
[0m
  [4;36;1mSQL (1.8ms)[0m   [0;1mCREATE TABLE "schema_migrations" ("version" varchar(255) NOT NULL) [0m
  [4;35;1mSQL (1.6ms)[0m   [0mCREATE UNIQUE INDEX "unique_schema_migrations" ON "schema_migrations" ("version")[0m
  [4;36;1mSQL (0.4ms)[0m   [0;1m SELECT name
 FROM sqlite_master
 WHERE type = 'table' AND NOT name = 'sqlite_sequence'
[0m
  [4;35;1mSQL (0.1ms)[0m   [0mSELECT version FROM "schema_migrations"[0m
  [4;36;1mSQL (1.6ms)[0m   [0;1mINSERT INTO "schema_migrations" (version) VALUES ('20091128175633')[0m
  [4;35;1mSQL (1.6ms)[0m   [0mINSERT INTO "schema_migrations" (version) VALUES ('20091128174002')[0m
  [4;36;1mSQL (1.9ms)[0m   [0;1mINSERT INTO "schema_migrations" (version) VALUES ('20091128175309')[0m
  [4;35;1mSQL (1.4ms)[0m   [0mINSERT INTO "schema_migrations" (version) VALUES ('20091128175446')[0m
  [4;36;1mSQL (0.8ms)[0m   [0;1m SELECT name
 FROM sqlite_master
 WHERE type = 'table' AND NOT name = 'sqlite_sequence'
[0m
  [4;35;1mSQL (0.3ms)[0m   [0mSELECT version FROM schema_migrations[0m
  [4;36;1mSQL (0.2ms)[0m   [0;1mselect sqlite_version(*)[0m
  [4;35;1mSQL (0.3ms)[0m   [0m SELECT name
 FROM sqlite_master
 WHERE type = 'table' AND NOT name = 'sqlite_sequence'
[0m
  [4;36;1mSQL (4.8ms)[0m   [0;1mCREATE TABLE "sprintbacklogs" ("id" INTEGER PRIMARY KEY AUTOINCREMENT NOT NULL, "task_id" integer, "created_at" datetime, "updated_at" datetime) [0m
  [4;35;1mSQL (0.3ms)[0m   [0m SELECT name
 FROM sqlite_master
 WHERE type = 'table' AND NOT name = 'sqlite_sequence'
[0m
  [4;36;1mSQL (2.2ms)[0m   [0;1mCREATE TABLE "sprints" ("id" INTEGER PRIMARY KEY AUTOINCREMENT NOT NULL, "task_id" integer, "user_id" integer, "created_at" datetime, "updated_at" datetime) [0m
  [4;35;1mSQL (0.3ms)[0m   [0m SELECT name
 FROM sqlite_master
 WHERE type = 'table' AND NOT name = 'sqlite_sequence'
[0m
  [4;36;1mSQL (6.9ms)[0m   [0;1mCREATE TABLE "tasks" ("id" INTEGER PRIMARY KEY AUTOINCREMENT NOT NULL, "description" text, "created_at" datetime, "updated_at" datetime) [0m
  [4;35;1mSQL (0.3ms)[0m   [0m SELECT name
 FROM sqlite_master
 WHERE type = 'table' AND NOT name = 'sqlite_sequence'
[0m
  [4;36;1mSQL (15.3ms)[0m   [0;1mCREATE TABLE "users" ("id" INTEGER PRIMARY KEY AUTOINCREMENT NOT NULL, "name" varchar(255), "login" varchar(255), "pass" varchar(255), "created_at" datetime, "updated_at" datetime) [0m
  [4;35;1mSQL (0.7ms)[0m   [0m SELECT name
 FROM sqlite_master
 WHERE type = 'table' AND NOT name = 'sqlite_sequence'
[0m
  [4;36;1mSQL (6.5ms)[0m   [0;1mCREATE TABLE "schema_migrations" ("version" varchar(255) NOT NULL) [0m
  [4;35;1mSQL (9.3ms)[0m   [0mCREATE UNIQUE INDEX "unique_schema_migrations" ON "schema_migrations" ("version")[0m
  [4;36;1mSQL (0.4ms)[0m   [0;1m SELECT name
 FROM sqlite_master
 WHERE type = 'table' AND NOT name = 'sqlite_sequence'
[0m
  [4;35;1mSQL (0.1ms)[0m   [0mSELECT version FROM "schema_migrations"[0m
  [4;36;1mSQL (6.7ms)[0m   [0;1mINSERT INTO "schema_migrations" (version) VALUES ('20091128175633')[0m
  [4;35;1mSQL (2.1ms)[0m   [0mINSERT INTO "schema_migrations" (version) VALUES ('20091128174002')[0m
  [4;36;1mSQL (4.3ms)[0m   [0;1mINSERT INTO "schema_migrations" (version) VALUES ('20091128175309')[0m
  [4;35;1mSQL (10.0ms)[0m   [0mINSERT INTO "schema_migrations" (version) VALUES ('20091128175446')[0m
  [4;36;1mSQL (0.7ms)[0m   [0;1m SELECT name
 FROM sqlite_master
 WHERE type = 'table' AND NOT name = 'sqlite_sequence'
[0m
  [4;35;1mSQL (0.3ms)[0m   [0mSELECT version FROM schema_migrations[0m
  [4;36;1mSQL (0.2ms)[0m   [0;1mselect sqlite_version(*)[0m
  [4;35;1mSQL (0.2ms)[0m   [0m SELECT name
 FROM sqlite_master
 WHERE type = 'table' AND NOT name = 'sqlite_sequence'
[0m
  [4;36;1mSQL (2.2ms)[0m   [0;1mCREATE TABLE "sprintbacklogs" ("id" INTEGER PRIMARY KEY AUTOINCREMENT NOT NULL, "task_id" integer, "created_at" datetime, "updated_at" datetime) [0m
  [4;35;1mSQL (0.3ms)[0m   [0m SELECT name
 FROM sqlite_master
 WHERE type = 'table' AND NOT name = 'sqlite_sequence'
[0m
  [4;36;1mSQL (1.9ms)[0m   [0;1mCREATE TABLE "sprints" ("id" INTEGER PRIMARY KEY AUTOINCREMENT NOT NULL, "task_id" integer, "user_id" integer, "created_at" datetime, "updated_at" datetime) [0m
  [4;35;1mSQL (0.5ms)[0m   [0m SELECT name
 FROM sqlite_master
 WHERE type = 'table' AND NOT name = 'sqlite_sequence'
[0m
  [4;36;1mSQL (1.9ms)[0m   [0;1mCREATE TABLE "tasks" ("id" INTEGER PRIMARY KEY AUTOINCREMENT NOT NULL, "description" text, "created_at" datetime, "updated_at" datetime) [0m
  [4;35;1mSQL (0.4ms)[0m   [0m SELECT name
 FROM sqlite_master
 WHERE type = 'table' AND NOT name = 'sqlite_sequence'
[0m
  [4;36;1mSQL (2.0ms)[0m   [0;1mCREATE TABLE "users" ("id" INTEGER PRIMARY KEY AUTOINCREMENT NOT NULL, "name" varchar(255), "login" varchar(255), "pass" varchar(255), "created_at" datetime, "updated_at" datetime) [0m
  [4;35;1mSQL (0.4ms)[0m   [0m SELECT name
 FROM sqlite_master
 WHERE type = 'table' AND NOT name = 'sqlite_sequence'
[0m
  [4;36;1mSQL (2.0ms)[0m   [0;1mCREATE TABLE "schema_migrations" ("version" varchar(255) NOT NULL) [0m
  [4;35;1mSQL (3.2ms)[0m   [0mCREATE UNIQUE INDEX "unique_schema_migrations" ON "schema_migrations" ("version")[0m
  [4;36;1mSQL (0.8ms)[0m   [0;1m SELECT name
 FROM sqlite_master
 WHERE type = 'table' AND NOT name = 'sqlite_sequence'
[0m
  [4;35;1mSQL (0.2ms)[0m   [0mSELECT version FROM "schema_migrations"[0m
  [4;36;1mSQL (3.0ms)[0m   [0;1mINSERT INTO "schema_migrations" (version) VALUES ('20091128175633')[0m
  [4;35;1mSQL (3.0ms)[0m   [0mINSERT INTO "schema_migrations" (version) VALUES ('20091128174002')[0m
  [4;36;1mSQL (3.0ms)[0m   [0;1mINSERT INTO "schema_migrations" (version) VALUES ('20091128175309')[0m
  [4;35;1mSQL (2.6ms)[0m   [0mINSERT INTO "schema_migrations" (version) VALUES ('20091128175446')[0m
  [4;36;1mSQL (0.8ms)[0m   [0;1m SELECT name
 FROM sqlite_master
 WHERE type = 'table' AND NOT name = 'sqlite_sequence'
[0m
  [4;35;1mSQL (0.3ms)[0m   [0mSELECT version FROM schema_migrations[0m
  [4;36;1mSQL (0.2ms)[0m   [0;1mselect sqlite_version(*)[0m
  [4;35;1mSQL (0.3ms)[0m   [0m SELECT name
 FROM sqlite_master
 WHERE type = 'table' AND NOT name = 'sqlite_sequence'
[0m
  [4;36;1mSQL (2.1ms)[0m   [0;1mCREATE TABLE "sprintbacklogs" ("id" INTEGER PRIMARY KEY AUTOINCREMENT NOT NULL, "task_id" integer, "created_at" datetime, "updated_at" datetime) [0m
  [4;35;1mSQL (0.3ms)[0m   [0m SELECT name
 FROM sqlite_master
 WHERE type = 'table' AND NOT name = 'sqlite_sequence'
[0m
  [4;36;1mSQL (1.7ms)[0m   [0;1mCREATE TABLE "sprints" ("id" INTEGER PRIMARY KEY AUTOINCREMENT NOT NULL, "task_id" integer, "user_id" integer, "created_at" datetime, "updated_at" datetime) [0m
  [4;35;1mSQL (0.5ms)[0m   [0m SELECT name
 FROM sqlite_master
 WHERE type = 'table' AND NOT name = 'sqlite_sequence'
[0m
  [4;36;1mSQL (2.0ms)[0m   [0;1mCREATE TABLE "tasks" ("id" INTEGER PRIMARY KEY AUTOINCREMENT NOT NULL, "description" text, "created_at" datetime, "updated_at" datetime) [0m
  [4;35;1mSQL (0.6ms)[0m   [0m SELECT name
 FROM sqlite_master
 WHERE type = 'table' AND NOT name = 'sqlite_sequence'
[0m
  [4;36;1mSQL (2.0ms)[0m   [0;1mCREATE TABLE "users" ("id" INTEGER PRIMARY KEY AUTOINCREMENT NOT NULL, "name" varchar(255), "login" varchar(255), "pass" varchar(255), "created_at" datetime, "updated_at" datetime) [0m
  [4;35;1mSQL (0.5ms)[0m   [0m SELECT name
 FROM sqlite_master
 WHERE type = 'table' AND NOT name = 'sqlite_sequence'
[0m
  [4;36;1mSQL (2.7ms)[0m   [0;1mCREATE TABLE "schema_migrations" ("version" varchar(255) NOT NULL) [0m
  [4;35;1mSQL (3.1ms)[0m   [0mCREATE UNIQUE INDEX "unique_schema_migrations" ON "schema_migrations" ("version")[0m
  [4;36;1mSQL (0.8ms)[0m   [0;1m SELECT name
 FROM sqlite_master
 WHERE type = 'table' AND NOT name = 'sqlite_sequence'
[0m
  [4;35;1mSQL (0.2ms)[0m   [0mSELECT version FROM "schema_migrations"[0m
  [4;36;1mSQL (3.0ms)[0m   [0;1mINSERT INTO "schema_migrations" (version) VALUES ('20091128175633')[0m
  [4;35;1mSQL (2.5ms)[0m   [0mINSERT INTO "schema_migrations" (version) VALUES ('20091128174002')[0m
  [4;36;1mSQL (2.5ms)[0m   [0;1mINSERT INTO "schema_migrations" (version) VALUES ('20091128175309')[0m
  [4;35;1mSQL (2.6ms)[0m   [0mINSERT INTO "schema_migrations" (version) VALUES ('20091128175446')[0m
